c:\gitrepos\fyp\fyp_repo\facialanimationsystem\facialanimationsystem\debug\vc120.pdb
c:\gitrepos\fyp\fyp_repo\facialanimationsystem\facialanimationsystem\debug\vc120.idb
c:\gitrepos\fyp\fyp_repo\facialanimationsystem\facialanimationsystem\debug\audioanalyser.obj
c:\gitrepos\fyp\fyp_repo\facialanimationsystem\facialanimationsystem\debug\cameramanager.obj
c:\gitrepos\fyp\fyp_repo\facialanimationsystem\facialanimationsystem\debug\dialoguepatten.obj
c:\gitrepos\fyp\fyp_repo\facialanimationsystem\facialanimationsystem\debug\errorlog.obj
c:\gitrepos\fyp\fyp_repo\facialanimationsystem\facialanimationsystem\debug\flyingcamera.obj
c:\gitrepos\fyp\fyp_repo\facialanimationsystem\facialanimationsystem\debug\globalmessagequeue.obj
c:\gitrepos\fyp\fyp_repo\facialanimationsystem\facialanimationsystem\debug\main.obj
c:\gitrepos\fyp\fyp_repo\facialanimationsystem\facialanimationsystem\debug\materialmanager.obj
c:\gitrepos\fyp\fyp_repo\facialanimationsystem\facialanimationsystem\debug\math.obj
c:\gitrepos\fyp\fyp_repo\facialanimationsystem\facialanimationsystem\debug\mesh.obj
c:\gitrepos\fyp\fyp_repo\facialanimationsystem\facialanimationsystem\debug\phonememap.obj
c:\gitrepos\fyp\fyp_repo\facialanimationsystem\facialanimationsystem\debug\phonemetovisememap.obj
c:\gitrepos\fyp\fyp_repo\facialanimationsystem\facialanimationsystem\debug\playbackmanager.obj
c:\gitrepos\fyp\fyp_repo\facialanimationsystem\facialanimationsystem\debug\renderer.obj
c:\gitrepos\fyp\fyp_repo\facialanimationsystem\facialanimationsystem\debug\sounddata.obj
c:\gitrepos\fyp\fyp_repo\facialanimationsystem\facialanimationsystem\debug\splinepathcamera.obj
c:\gitrepos\fyp\fyp_repo\facialanimationsystem\facialanimationsystem\debug\usercontroledcamera.obj
c:\gitrepos\fyp\fyp_repo\facialanimationsystem\facialanimationsystem\debug\visemeloader.obj
c:\gitrepos\fyp\fyp_repo\facialanimationsystem\facialanimationsystem\debug\visememap.obj
c:\gitrepos\fyp\fyp_repo\facialanimationsystem\facialanimationsystem\debug\win32window.obj
c:\gitrepos\fyp\fyp_repo\facialanimationsystem\facialanimationsystem\debug\application.obj
c:\gitrepos\fyp\fyp_repo\facialanimationsystem\debug\facialanimationsystem.ilk
c:\gitrepos\fyp\fyp_repo\facialanimationsystem\debug\facialanimationsystem.exe
c:\gitrepos\fyp\fyp_repo\facialanimationsystem\debug\facialanimationsystem.pdb
c:\gitrepos\fyp\fyp_repo\facialanimationsystem\facialanimationsystem\debug\facialan.3dbc30ee.tlog\cl.command.1.tlog
c:\gitrepos\fyp\fyp_repo\facialanimationsystem\facialanimationsystem\debug\facialan.3dbc30ee.tlog\cl.read.1.tlog
c:\gitrepos\fyp\fyp_repo\facialanimationsystem\facialanimationsystem\debug\facialan.3dbc30ee.tlog\cl.write.1.tlog
c:\gitrepos\fyp\fyp_repo\facialanimationsystem\facialanimationsystem\debug\facialan.3dbc30ee.tlog\link.command.1.tlog
c:\gitrepos\fyp\fyp_repo\facialanimationsystem\facialanimationsystem\debug\facialan.3dbc30ee.tlog\link.read.1.tlog
c:\gitrepos\fyp\fyp_repo\facialanimationsystem\facialanimationsystem\debug\facialan.3dbc30ee.tlog\link.write.1.tlog
